<?xml version="1.0" encoding="UTF-8"?>
<testsuites name="jest tests" tests="4" failures="0" time="0.175">
  <testsuite name="Zmienna" errors="0" failures="0" skipped="0" timestamp="2023-01-20T14:02:41" time="0.167" tests="4">
    <testcase classname="Zmienna firstNumber powinna być typu number" name="Zmienna firstNumber powinna być typu number" time="0">
    </testcase>
    <testcase classname="Zmienna secondNumber powinna być typu number" name="Zmienna secondNumber powinna być typu number" time="0">
    </testcase>
    <testcase classname="Zmienna result powinna być typu number" name="Zmienna result powinna być typu number" time="0">
    </testcase>
    <testcase classname="Zmienna result powinna przechowywać sumę zmiennych firstNumber i secondNumber podzieloną przez 2" name="Zmienna result powinna przechowywać sumę zmiennych firstNumber i secondNumber podzieloną przez 2" time="0">
    </testcase>
  </testsuite>
</testsuites>